[0.019s] Invoking command in '/home/maxim/POUK/labs/lab_3_test/lab_3_ws/build/line_control': /usr/bin/cmake --build /home/maxim/POUK/labs/lab_3_test/lab_3_ws/build/line_control -- -j12 -l12
[0.195s] [35m[1mScanning dependencies of target line_control_node[0m
[0.223s] [ 50%] [32mBuilding CXX object CMakeFiles/line_control_node.dir/src/line_control.cpp.o[0m
[1.410s] [01m[K/home/maxim/POUK/labs/lab_3_test/lab_3_ws/src/line_control/src/line_control.cpp:[m[K In member function ‘[01m[Kdouble LineControl::cross_track_err_two_circle()[m[K’:
[1.410s] [01m[K/home/maxim/POUK/labs/lab_3_test/lab_3_ws/src/line_control/src/line_control.cpp:71:40:[m[K [01;31m[Kerror: [m[Kexpected ‘[01m[K;[m[K’ before ‘[01m[K}[m[K’ token
[1.410s]    71 |             e = sqrt(dx*dx + dy*dy) - R
[1.410s]       |                                        [01;31m[K^[m[K
[1.410s]       |                                        [32m[K;[m[K
[1.411s]    72 |         [32m[K}[m[K
[1.411s]       |         [32m[K~[m[K                               
[1.411s] [01m[K/home/maxim/POUK/labs/lab_3_test/lab_3_ws/src/line_control/src/line_control.cpp:76:40:[m[K [01;31m[Kerror: [m[Kexpected ‘[01m[K;[m[K’ before ‘[01m[K}[m[K’ token
[1.411s]    76 |             e = sqrt(dx*dx + dy*dy) - R
[1.411s]       |                                        [01;31m[K^[m[K
[1.411s]       |                                        [32m[K;[m[K
[1.411s]    77 |         [32m[K}[m[K
[1.411s]       |         [32m[K~[m[K                               
[3.152s] make[2]: *** [CMakeFiles/line_control_node.dir/build.make:63: CMakeFiles/line_control_node.dir/src/line_control.cpp.o] Error 1
[3.152s] make[1]: *** [CMakeFiles/Makefile2:78: CMakeFiles/line_control_node.dir/all] Error 2
[3.153s] make: *** [Makefile:141: all] Error 2
[3.155s] Invoked command in '/home/maxim/POUK/labs/lab_3_test/lab_3_ws/build/line_control' returned '2': /usr/bin/cmake --build /home/maxim/POUK/labs/lab_3_test/lab_3_ws/build/line_control -- -j12 -l12
