[0.014s] Invoking command in '/home/maxim/POUK/labs/lab_3_test/lab_3_ws/build/line_control': CMAKE_PREFIX_PATH=/opt/ros/foxy:${CMAKE_PREFIX_PATH} /usr/bin/cmake /home/maxim/POUK/labs/lab_3_test/lab_3_ws/src/line_control -DCMAKE_INSTALL_PREFIX=/home/maxim/POUK/labs/lab_3_test/lab_3_ws/install/line_control
[0.130s] -- The C compiler identification is GNU 9.4.0
[0.236s] -- The CXX compiler identification is GNU 9.4.0
[0.268s] -- Check for working C compiler: /usr/bin/cc
[0.350s] -- Check for working C compiler: /usr/bin/cc -- works
[0.351s] -- Detecting C compiler ABI info
[0.431s] -- Detecting C compiler ABI info - done
[0.443s] -- Detecting C compile features
[0.443s] -- Detecting C compile features - done
[0.446s] -- Check for working CXX compiler: /usr/bin/c++
[0.657s] -- Check for working CXX compiler: /usr/bin/c++ -- works
[0.657s] -- Detecting CXX compiler ABI info
[0.757s] -- Detecting CXX compiler ABI info - done
[0.765s] -- Detecting CXX compile features
[0.765s] -- Detecting CXX compile features - done
[0.767s] -- Found ament_cmake: 0.9.12 (/opt/ros/foxy/share/ament_cmake/cmake)
[0.786s] -- Found PythonInterp: /usr/bin/python3 (found suitable version "3.8.10", minimum required is "3") 
[0.786s] -- Using PYTHON_EXECUTABLE: /usr/bin/python3
[0.952s] -- Found rclcpp: 2.4.3 (/opt/ros/foxy/share/rclcpp/cmake)
[1.038s] -- Using all available rosidl_typesupport_c: rosidl_typesupport_fastrtps_c;rosidl_typesupport_introspection_c
[1.041s] -- Found rosidl_adapter: 1.3.1 (/opt/ros/foxy/share/rosidl_adapter/cmake)
[1.634s] -- Found OpenSSL: /usr/lib/x86_64-linux-gnu/libcrypto.so (found version "1.1.1f")  
[2.360s] -- Found FastRTPS: /opt/ros/foxy/include  
[4.487s] -- Using all available rosidl_typesupport_cpp: rosidl_typesupport_fastrtps_cpp;rosidl_typesupport_introspection_cpp
[4.553s] -- Found rmw_implementation_cmake: 1.0.4 (/opt/ros/foxy/share/rmw_implementation_cmake/cmake)
[4.555s] -- Using RMW implementation 'rmw_fastrtps_cpp' as default
[4.557s] -- Looking for pthread.h
[4.764s] -- Looking for pthread.h - found
[4.764s] -- Performing Test CMAKE_HAVE_LIBC_PTHREAD
[4.870s] -- Performing Test CMAKE_HAVE_LIBC_PTHREAD - Failed
[4.870s] -- Looking for pthread_create in pthreads
[4.960s] -- Looking for pthread_create in pthreads - not found
[4.960s] -- Looking for pthread_create in pthread
[5.051s] -- Looking for pthread_create in pthread - found
[5.052s] -- Found Threads: TRUE  
[5.170s] -- Found geometry_msgs: 2.0.5 (/opt/ros/foxy/share/geometry_msgs/cmake)
[5.197s] -- Found sensor_msgs: 2.0.5 (/opt/ros/foxy/share/sensor_msgs/cmake)
[5.246s] -- Found nav_msgs: 2.0.5 (/opt/ros/foxy/share/nav_msgs/cmake)
[5.303s] -- Found ament_lint_auto: 0.9.8 (/opt/ros/foxy/share/ament_lint_auto/cmake)
[5.352s] -- Added test 'copyright' to check source files copyright and LICENSE
[5.353s] -- Added test 'cppcheck' to perform static code analysis on C / C++ code
[5.353s] -- Configured cppcheck include dirs: 
[5.353s] -- Configured cppcheck exclude dirs and/or files: 
[5.354s] -- Added test 'cpplint' to check C / C++ code against the Google style
[5.354s] -- Configured cpplint exclude dirs and/or files: 
[5.354s] -- Added test 'lint_cmake' to check CMake code style
[5.355s] -- Added test 'uncrustify' to check C / C++ code style
[5.355s] -- Configured uncrustify additional arguments: 
[5.355s] -- Added test 'xmllint' to check XML markup files
[5.358s] -- Configuring done
[5.365s] -- Generating done
[5.369s] -- Build files have been written to: /home/maxim/POUK/labs/lab_3_test/lab_3_ws/build/line_control
[5.377s] Invoked command in '/home/maxim/POUK/labs/lab_3_test/lab_3_ws/build/line_control' returned '0': CMAKE_PREFIX_PATH=/opt/ros/foxy:${CMAKE_PREFIX_PATH} /usr/bin/cmake /home/maxim/POUK/labs/lab_3_test/lab_3_ws/src/line_control -DCMAKE_INSTALL_PREFIX=/home/maxim/POUK/labs/lab_3_test/lab_3_ws/install/line_control
[5.381s] Invoking command in '/home/maxim/POUK/labs/lab_3_test/lab_3_ws/build/line_control': CMAKE_PREFIX_PATH=/opt/ros/foxy:${CMAKE_PREFIX_PATH} /usr/bin/cmake --build /home/maxim/POUK/labs/lab_3_test/lab_3_ws/build/line_control -- -j12 -l12
[5.409s] [35m[1mScanning dependencies of target line_control_node[0m
[5.432s] [ 50%] [32mBuilding CXX object CMakeFiles/line_control_node.dir/src/line_control.cpp.o[0m
[10.998s] [100%] [32m[1mLinking CXX executable line_control_node[0m
[11.456s] [100%] Built target line_control_node
[11.484s] Invoked command in '/home/maxim/POUK/labs/lab_3_test/lab_3_ws/build/line_control' returned '0': CMAKE_PREFIX_PATH=/opt/ros/foxy:${CMAKE_PREFIX_PATH} /usr/bin/cmake --build /home/maxim/POUK/labs/lab_3_test/lab_3_ws/build/line_control -- -j12 -l12
[11.493s] Invoking command in '/home/maxim/POUK/labs/lab_3_test/lab_3_ws/build/line_control': CMAKE_PREFIX_PATH=/opt/ros/foxy:${CMAKE_PREFIX_PATH} /usr/bin/cmake --install /home/maxim/POUK/labs/lab_3_test/lab_3_ws/build/line_control
[11.503s] -- Install configuration: ""
[11.503s] -- Installing: /home/maxim/POUK/labs/lab_3_test/lab_3_ws/install/line_control/lib/line_control/line_control_node
[11.506s] -- Set runtime path of "/home/maxim/POUK/labs/lab_3_test/lab_3_ws/install/line_control/lib/line_control/line_control_node" to ""
[11.507s] -- Installing: /home/maxim/POUK/labs/lab_3_test/lab_3_ws/install/line_control/share/line_control/launch
[11.507s] -- Installing: /home/maxim/POUK/labs/lab_3_test/lab_3_ws/install/line_control/share/line_control/launch/line.launch.xml
[11.507s] -- Installing: /home/maxim/POUK/labs/lab_3_test/lab_3_ws/install/line_control/share/ament_index/resource_index/package_run_dependencies/line_control
[11.507s] -- Installing: /home/maxim/POUK/labs/lab_3_test/lab_3_ws/install/line_control/share/ament_index/resource_index/parent_prefix_path/line_control
[11.507s] -- Installing: /home/maxim/POUK/labs/lab_3_test/lab_3_ws/install/line_control/share/line_control/environment/ament_prefix_path.sh
[11.507s] -- Installing: /home/maxim/POUK/labs/lab_3_test/lab_3_ws/install/line_control/share/line_control/environment/ament_prefix_path.dsv
[11.507s] -- Installing: /home/maxim/POUK/labs/lab_3_test/lab_3_ws/install/line_control/share/line_control/environment/path.sh
[11.507s] -- Installing: /home/maxim/POUK/labs/lab_3_test/lab_3_ws/install/line_control/share/line_control/environment/path.dsv
[11.508s] -- Installing: /home/maxim/POUK/labs/lab_3_test/lab_3_ws/install/line_control/share/line_control/local_setup.bash
[11.508s] -- Installing: /home/maxim/POUK/labs/lab_3_test/lab_3_ws/install/line_control/share/line_control/local_setup.sh
[11.508s] -- Installing: /home/maxim/POUK/labs/lab_3_test/lab_3_ws/install/line_control/share/line_control/local_setup.zsh
[11.508s] -- Installing: /home/maxim/POUK/labs/lab_3_test/lab_3_ws/install/line_control/share/line_control/local_setup.dsv
[11.508s] -- Installing: /home/maxim/POUK/labs/lab_3_test/lab_3_ws/install/line_control/share/line_control/package.dsv
[11.508s] -- Installing: /home/maxim/POUK/labs/lab_3_test/lab_3_ws/install/line_control/share/ament_index/resource_index/packages/line_control
[11.508s] -- Installing: /home/maxim/POUK/labs/lab_3_test/lab_3_ws/install/line_control/share/line_control/cmake/line_controlConfig.cmake
[11.508s] -- Installing: /home/maxim/POUK/labs/lab_3_test/lab_3_ws/install/line_control/share/line_control/cmake/line_controlConfig-version.cmake
[11.508s] -- Installing: /home/maxim/POUK/labs/lab_3_test/lab_3_ws/install/line_control/share/line_control/package.xml
[11.510s] Invoked command in '/home/maxim/POUK/labs/lab_3_test/lab_3_ws/build/line_control' returned '0': CMAKE_PREFIX_PATH=/opt/ros/foxy:${CMAKE_PREFIX_PATH} /usr/bin/cmake --install /home/maxim/POUK/labs/lab_3_test/lab_3_ws/build/line_control
