[0.018s] Invoking command in '/home/maxim/POUK/labs/lab_3_test/lab_3_ws/build/line_control': CMAKE_PREFIX_PATH=/home/maxim/POUK/labs/lab_3_test/lab_3_ws/install/line_control:/opt/ros/foxy:/opt/ros/noetic /usr/bin/cmake --build /home/maxim/POUK/labs/lab_3_test/lab_3_ws/build/line_control -- -j12 -l12
[0.153s] [100%] Built target line_control_node
[0.173s] Invoked command in '/home/maxim/POUK/labs/lab_3_test/lab_3_ws/build/line_control' returned '0': CMAKE_PREFIX_PATH=/home/maxim/POUK/labs/lab_3_test/lab_3_ws/install/line_control:/opt/ros/foxy:/opt/ros/noetic /usr/bin/cmake --build /home/maxim/POUK/labs/lab_3_test/lab_3_ws/build/line_control -- -j12 -l12
[0.191s] Invoking command in '/home/maxim/POUK/labs/lab_3_test/lab_3_ws/build/line_control': CMAKE_PREFIX_PATH=/home/maxim/POUK/labs/lab_3_test/lab_3_ws/install/line_control:/opt/ros/foxy:/opt/ros/noetic /usr/bin/cmake --install /home/maxim/POUK/labs/lab_3_test/lab_3_ws/build/line_control
[0.203s] -- Install configuration: ""
[0.203s] -- Up-to-date: /home/maxim/POUK/labs/lab_3_test/lab_3_ws/install/line_control/lib/line_control/line_control_node
[0.204s] -- Up-to-date: /home/maxim/POUK/labs/lab_3_test/lab_3_ws/install/line_control/share/line_control/launch
[0.204s] -- Installing: /home/maxim/POUK/labs/lab_3_test/lab_3_ws/install/line_control/share/line_control/launch/line.launch.xml
[0.205s] -- Up-to-date: /home/maxim/POUK/labs/lab_3_test/lab_3_ws/install/line_control/share/ament_index/resource_index/package_run_dependencies/line_control
[0.205s] -- Up-to-date: /home/maxim/POUK/labs/lab_3_test/lab_3_ws/install/line_control/share/ament_index/resource_index/parent_prefix_path/line_control
[0.205s] -- Up-to-date: /home/maxim/POUK/labs/lab_3_test/lab_3_ws/install/line_control/share/line_control/environment/ament_prefix_path.sh
[0.205s] -- Up-to-date: /home/maxim/POUK/labs/lab_3_test/lab_3_ws/install/line_control/share/line_control/environment/ament_prefix_path.dsv
[0.205s] -- Up-to-date: /home/maxim/POUK/labs/lab_3_test/lab_3_ws/install/line_control/share/line_control/environment/path.sh
[0.205s] -- Up-to-date: /home/maxim/POUK/labs/lab_3_test/lab_3_ws/install/line_control/share/line_control/environment/path.dsv
[0.205s] -- Up-to-date: /home/maxim/POUK/labs/lab_3_test/lab_3_ws/install/line_control/share/line_control/local_setup.bash
[0.205s] -- Up-to-date: /home/maxim/POUK/labs/lab_3_test/lab_3_ws/install/line_control/share/line_control/local_setup.sh
[0.205s] -- Up-to-date: /home/maxim/POUK/labs/lab_3_test/lab_3_ws/install/line_control/share/line_control/local_setup.zsh
[0.205s] -- Up-to-date: /home/maxim/POUK/labs/lab_3_test/lab_3_ws/install/line_control/share/line_control/local_setup.dsv
[0.205s] -- Installing: /home/maxim/POUK/labs/lab_3_test/lab_3_ws/install/line_control/share/line_control/package.dsv
[0.205s] -- Up-to-date: /home/maxim/POUK/labs/lab_3_test/lab_3_ws/install/line_control/share/ament_index/resource_index/packages/line_control
[0.205s] -- Up-to-date: /home/maxim/POUK/labs/lab_3_test/lab_3_ws/install/line_control/share/line_control/cmake/line_controlConfig.cmake
[0.205s] -- Up-to-date: /home/maxim/POUK/labs/lab_3_test/lab_3_ws/install/line_control/share/line_control/cmake/line_controlConfig-version.cmake
[0.205s] -- Up-to-date: /home/maxim/POUK/labs/lab_3_test/lab_3_ws/install/line_control/share/line_control/package.xml
[0.209s] Invoked command in '/home/maxim/POUK/labs/lab_3_test/lab_3_ws/build/line_control' returned '0': CMAKE_PREFIX_PATH=/home/maxim/POUK/labs/lab_3_test/lab_3_ws/install/line_control:/opt/ros/foxy:/opt/ros/noetic /usr/bin/cmake --install /home/maxim/POUK/labs/lab_3_test/lab_3_ws/build/line_control
